  [4;36;1mFriendship Delete all (0.0ms)[0m   [0;1mSQLite3::SQLException: no such table: friendships: DELETE FROM "friendships" WHERE 1=1[0m
  [4;35;1mFriendship Delete all (0.0ms)[0m   [0mSQLite3::SQLException: no such table: friendships: DELETE FROM "friendships" WHERE 1=1[0m
  [4;36;1mSQL (0.2ms)[0m   [0;1mselect sqlite_version(*)[0m
  [4;35;1mSQL (0.1ms)[0m   [0m SELECT name
 FROM sqlite_master
 WHERE type = 'table' AND NOT name = 'sqlite_sequence'
[0m
  [4;36;1mSQL (0.3ms)[0m   [0;1mCREATE TABLE "users" ("id" INTEGER PRIMARY KEY AUTOINCREMENT NOT NULL, "name" varchar(255) NOT NULL) [0m
  [4;35;1mSQL (0.2ms)[0m   [0m SELECT name
 FROM sqlite_master
 WHERE type = 'table' AND NOT name = 'sqlite_sequence'
[0m
  [4;36;1mSQL (0.2ms)[0m   [0;1mCREATE TABLE "friendships" ("id" INTEGER PRIMARY KEY AUTOINCREMENT NOT NULL, "user_id" integer, "friend_id" integer, "pending" boolean DEFAULT 't') [0m
  [4;36;1mFriendship Delete all (0.0ms)[0m   [0;1mSQLite3::SQLException: no such table: friendships: DELETE FROM "friendships" WHERE 1=1[0m
  [4;35;1mFriendship Delete all (0.0ms)[0m   [0mSQLite3::SQLException: no such table: friendships: DELETE FROM "friendships" WHERE 1=1[0m
  [4;36;1mSQL (0.2ms)[0m   [0;1mselect sqlite_version(*)[0m
  [4;35;1mSQL (0.1ms)[0m   [0m SELECT name
 FROM sqlite_master
 WHERE type = 'table' AND NOT name = 'sqlite_sequence'
[0m
  [4;36;1mSQL (0.3ms)[0m   [0;1mCREATE TABLE "users" ("id" INTEGER PRIMARY KEY AUTOINCREMENT NOT NULL, "name" varchar(255) NOT NULL) [0m
  [4;35;1mSQL (0.2ms)[0m   [0m SELECT name
 FROM sqlite_master
 WHERE type = 'table' AND NOT name = 'sqlite_sequence'
[0m
  [4;36;1mSQL (0.2ms)[0m   [0;1mCREATE TABLE "friendships" ("id" INTEGER PRIMARY KEY AUTOINCREMENT NOT NULL, "user_id" integer, "friend_id" integer, "pending" boolean DEFAULT 't') [0m
  [4;36;1mUser Create (0.4ms)[0m   [0;1mINSERT INTO "users" ("name") VALUES('John')[0m
  [4;35;1mUser Create (0.3ms)[0m   [0mINSERT INTO "users" ("name") VALUES('Jane')[0m
  [4;36;1mUser Create (0.2ms)[0m   [0;1mINSERT INTO "users" ("name") VALUES('david')[0m
  [4;35;1mUser Create (0.4ms)[0m   [0mINSERT INTO "users" ("name") VALUES('James')[0m
  [4;36;1mUser Create (0.3ms)[0m   [0;1mINSERT INTO "users" ("name") VALUES('Peter')[0m
  [4;35;1mUser Create (0.4ms)[0m   [0mINSERT INTO "users" ("name") VALUES('Mary')[0m
  [4;36;1mUser Create (0.2ms)[0m   [0;1mINSERT INTO "users" ("name") VALUES('Victoria')[0m
  [4;35;1mUser Create (0.3ms)[0m   [0mINSERT INTO "users" ("name") VALUES('Elisabeth')[0m
  [4;36;1mFriendship Delete all (0.5ms)[0m   [0;1mDELETE FROM "friendships" WHERE 1=1[0m
  [4;35;1mFriendship Load (0.2ms)[0m   [0mSELECT * FROM "friendships" WHERE ("friendships"."user_id" = 1 AND "friendships"."friend_id" = 2) LIMIT 1[0m
  [4;36;1mFriendship Load (0.1ms)[0m   [0;1mSELECT * FROM "friendships" WHERE ("friendships"."user_id" = 2 AND "friendships"."friend_id" = 1) LIMIT 1[0m
  [4;35;1mFriendship Create (0.3ms)[0m   [0mINSERT INTO "friendships" ("pending", "user_id", "friend_id") VALUES('t', 1, 2)[0m
  [4;36;1mFriendship Load (0.3ms)[0m   [0;1mSELECT * FROM "friendships" WHERE ("friendships"."user_id" = 7 AND "friendships"."friend_id" = 1) LIMIT 1[0m
  [4;35;1mFriendship Load (0.3ms)[0m   [0mSELECT * FROM "friendships" WHERE ("friendships"."user_id" = 1 AND "friendships"."friend_id" = 7) LIMIT 1[0m
  [4;36;1mFriendship Create (0.3ms)[0m   [0;1mINSERT INTO "friendships" ("pending", "user_id", "friend_id") VALUES('t', 7, 1)[0m
  [4;35;1mFriendship Delete all (1.1ms)[0m   [0mDELETE FROM "friendships" WHERE 1=1[0m
  [4;36;1mFriendship Load (0.2ms)[0m   [0;1mSELECT * FROM "friendships" WHERE ("friendships"."user_id" = 1 AND "friendships"."friend_id" = 2) LIMIT 1[0m
  [4;35;1mFriendship Load (0.1ms)[0m   [0mSELECT * FROM "friendships" WHERE ("friendships"."user_id" = 2 AND "friendships"."friend_id" = 1) LIMIT 1[0m
  [4;36;1mFriendship Create (0.4ms)[0m   [0;1mINSERT INTO "friendships" ("pending", "user_id", "friend_id") VALUES('t', 1, 2)[0m
  [4;35;1mFriendship Load (0.1ms)[0m   [0mSELECT * FROM "friendships" WHERE ("friendships"."user_id" = 7 AND "friendships"."friend_id" = 1) LIMIT 1[0m
  [4;36;1mFriendship Load (0.1ms)[0m   [0;1mSELECT * FROM "friendships" WHERE ("friendships"."user_id" = 1 AND "friendships"."friend_id" = 7) LIMIT 1[0m
  [4;35;1mFriendship Create (0.3ms)[0m   [0mINSERT INTO "friendships" ("pending", "user_id", "friend_id") VALUES('t', 7, 1)[0m
  [4;36;1mFriendship Load (0.3ms)[0m   [0;1mSELECT * FROM "friendships" WHERE ("friendships"."user_id" = 1 AND "friendships"."friend_id" = 2) LIMIT 1[0m
  [4;35;1mFriendship Update (0.3ms)[0m   [0mUPDATE "friendships" SET "pending" = 'f' WHERE "id" = 3[0m
  [4;36;1mFriendship Load (0.3ms)[0m   [0;1mSELECT * FROM "friendships" WHERE ("friendships"."user_id" = 7 AND "friendships"."friend_id" = 1) LIMIT 1[0m
  [4;35;1mFriendship Update (0.4ms)[0m   [0mUPDATE "friendships" SET "pending" = 'f' WHERE "id" = 4[0m
  [4;36;1mFriendship Delete all (1.4ms)[0m   [0;1mDELETE FROM "friendships" WHERE 1=1[0m
  [4;35;1mFriendship Load (0.3ms)[0m   [0mSELECT * FROM "friendships" WHERE ("friendships"."user_id" = 1 AND "friendships"."friend_id" = 2) LIMIT 1[0m
  [4;36;1mFriendship Load (0.2ms)[0m   [0;1mSELECT * FROM "friendships" WHERE ("friendships"."user_id" = 2 AND "friendships"."friend_id" = 1) LIMIT 1[0m
  [4;35;1mFriendship Create (0.4ms)[0m   [0mINSERT INTO "friendships" ("pending", "user_id", "friend_id") VALUES('t', 1, 2)[0m
  [4;36;1mFriendship Load (0.4ms)[0m   [0;1mSELECT * FROM "friendships" WHERE ("friendships"."user_id" = 1 AND "friendships"."friend_id" = 2) LIMIT 1[0m
  [4;35;1mFriendship Load (0.3ms)[0m   [0mSELECT * FROM "friendships" WHERE ("friendships"."user_id" = 2 AND "friendships"."friend_id" = 1) LIMIT 1[0m
  [4;36;1mFriendship Load (0.3ms)[0m   [0;1mSELECT * FROM "friendships" WHERE ("friendships"."user_id" = 1 AND "friendships"."friend_id" = 2) LIMIT 1[0m
  [4;35;1mFriendship Delete all (1.3ms)[0m   [0mDELETE FROM "friendships" WHERE 1=1[0m
  [4;36;1mFriendship Load (0.2ms)[0m   [0;1mSELECT * FROM "friendships" WHERE ("friendships"."user_id" = 1 AND "friendships"."friend_id" = 5) LIMIT 1[0m
  [4;35;1mUser Create (0.3ms)[0m   [0mINSERT INTO "users" ("name") VALUES('John')[0m
  [4;36;1mUser Create (0.5ms)[0m   [0;1mINSERT INTO "users" ("name") VALUES('Jane')[0m
  [4;35;1mUser Create (0.3ms)[0m   [0mINSERT INTO "users" ("name") VALUES('david')[0m
  [4;36;1mUser Create (0.3ms)[0m   [0;1mINSERT INTO "users" ("name") VALUES('James')[0m
  [4;35;1mUser Create (0.3ms)[0m   [0mINSERT INTO "users" ("name") VALUES('Peter')[0m
  [4;36;1mUser Create (0.4ms)[0m   [0;1mINSERT INTO "users" ("name") VALUES('Mary')[0m
  [4;35;1mUser Create (0.4ms)[0m   [0mINSERT INTO "users" ("name") VALUES('Victoria')[0m
  [4;36;1mUser Create (0.3ms)[0m   [0;1mINSERT INTO "users" ("name") VALUES('Elisabeth')[0m
  [4;35;1mFriendship Delete all (1.1ms)[0m   [0mDELETE FROM "friendships" WHERE 1=1[0m
  [4;36;1mFriendship Load (0.1ms)[0m   [0;1mSELECT * FROM "friendships" WHERE ("friendships"."user_id" = 9 AND "friendships"."friend_id" = 10) LIMIT 1[0m
  [4;35;1mFriendship Load (0.1ms)[0m   [0mSELECT * FROM "friendships" WHERE ("friendships"."user_id" = 10 AND "friendships"."friend_id" = 9) LIMIT 1[0m
  [4;36;1mFriendship Create (1.2ms)[0m   [0;1mINSERT INTO "friendships" ("pending", "user_id", "friend_id") VALUES('t', 9, 10)[0m
  [4;35;1mFriendship Load (0.1ms)[0m   [0mSELECT * FROM "friendships" WHERE ("friendships"."user_id" = 9 AND "friendships"."friend_id" = 12) LIMIT 1[0m
  [4;36;1mFriendship Load (0.1ms)[0m   [0;1mSELECT * FROM "friendships" WHERE ("friendships"."user_id" = 12 AND "friendships"."friend_id" = 9) LIMIT 1[0m
  [4;35;1mFriendship Create (0.2ms)[0m   [0mINSERT INTO "friendships" ("pending", "user_id", "friend_id") VALUES('t', 9, 12)[0m
  [4;36;1mFriendship Load (0.2ms)[0m   [0;1mSELECT * FROM "friendships" WHERE ("friendships"."user_id" = 13 AND "friendships"."friend_id" = 9) LIMIT 1[0m
  [4;35;1mFriendship Load (0.1ms)[0m   [0mSELECT * FROM "friendships" WHERE ("friendships"."user_id" = 9 AND "friendships"."friend_id" = 13) LIMIT 1[0m
  [4;36;1mFriendship Create (0.3ms)[0m   [0;1mINSERT INTO "friendships" ("pending", "user_id", "friend_id") VALUES('t', 13, 9)[0m
  [4;35;1mFriendship Load (0.2ms)[0m   [0mSELECT * FROM "friendships" WHERE ("friendships"."user_id" = 14 AND "friendships"."friend_id" = 9) LIMIT 1[0m
  [4;36;1mFriendship Load (0.3ms)[0m   [0;1mSELECT * FROM "friendships" WHERE ("friendships"."user_id" = 9 AND "friendships"."friend_id" = 14) LIMIT 1[0m
  [4;35;1mFriendship Create (0.3ms)[0m   [0mINSERT INTO "friendships" ("pending", "user_id", "friend_id") VALUES('t', 14, 9)[0m
  [4;36;1mFriendship Load (0.4ms)[0m   [0;1mSELECT * FROM "friendships" WHERE ("friendships"."user_id" = 9 AND "friendships"."friend_id" = 12) LIMIT 1[0m
  [4;35;1mFriendship Update (0.3ms)[0m   [0mUPDATE "friendships" SET "pending" = 'f' WHERE "id" = 7[0m
  [4;36;1mFriendship Load (0.2ms)[0m   [0;1mSELECT * FROM "friendships" WHERE ("friendships"."user_id" = 14 AND "friendships"."friend_id" = 9) LIMIT 1[0m
  [4;35;1mFriendship Update (0.2ms)[0m   [0mUPDATE "friendships" SET "pending" = 'f' WHERE "id" = 9[0m
  [4;36;1mUser Load (0.3ms)[0m   [0;1mSELECT "users".* FROM "users" INNER JOIN "friendships" ON "users".id = "friendships".friend_id WHERE (("friendships".user_id = 9) AND (("friendships"."pending" = 'f'))) [0m
  [4;35;1mUser Load (0.3ms)[0m   [0mSELECT "users".* FROM "users" INNER JOIN "friendships" ON "users".id = "friendships".user_id WHERE (("friendships".friend_id = 9) AND (("friendships"."pending" = 'f'))) [0m
  [4;36;1mUser Load (0.5ms)[0m   [0;1mSELECT "users".* FROM "users" INNER JOIN "friendships" ON "users".id = "friendships".friend_id WHERE (("friendships".user_id = 9) AND (("friendships"."pending" = 'f'))) [0m
  [4;35;1mUser Load (0.2ms)[0m   [0mSELECT "users".* FROM "users" INNER JOIN "friendships" ON "users".id = "friendships".user_id WHERE (("friendships".friend_id = 9) AND (("friendships"."pending" = 'f'))) [0m
  [4;36;1mUser Load (0.2ms)[0m   [0;1mSELECT "users".* FROM "users" INNER JOIN "friendships" ON "users".id = "friendships".friend_id WHERE (("friendships".user_id = 9) AND (("friendships"."pending" = 'f'))) [0m
  [4;35;1mUser Load (0.2ms)[0m   [0mSELECT "users".* FROM "users" INNER JOIN "friendships" ON "users".id = "friendships".user_id WHERE (("friendships".friend_id = 9) AND (("friendships"."pending" = 'f'))) [0m
  [4;36;1mFriendship Delete all (1.5ms)[0m   [0;1mDELETE FROM "friendships" WHERE 1=1[0m
  [4;35;1mFriendship Load (0.4ms)[0m   [0mSELECT * FROM "friendships" WHERE ("friendships"."user_id" = 9 AND "friendships"."friend_id" = 10) LIMIT 1[0m
  [4;36;1mFriendship Load (0.1ms)[0m   [0;1mSELECT * FROM "friendships" WHERE ("friendships"."user_id" = 10 AND "friendships"."friend_id" = 9) LIMIT 1[0m
  [4;35;1mFriendship Create (0.3ms)[0m   [0mINSERT INTO "friendships" ("pending", "user_id", "friend_id") VALUES('t', 9, 10)[0m
  [4;36;1mFriendship Load (0.2ms)[0m   [0;1mSELECT * FROM "friendships" WHERE ("friendships"."user_id" = 9 AND "friendships"."friend_id" = 12) LIMIT 1[0m
  [4;35;1mFriendship Load (0.1ms)[0m   [0mSELECT * FROM "friendships" WHERE ("friendships"."user_id" = 12 AND "friendships"."friend_id" = 9) LIMIT 1[0m
  [4;36;1mFriendship Create (0.2ms)[0m   [0;1mINSERT INTO "friendships" ("pending", "user_id", "friend_id") VALUES('t', 9, 12)[0m
  [4;35;1mFriendship Load (0.3ms)[0m   [0mSELECT * FROM "friendships" WHERE ("friendships"."user_id" = 13 AND "friendships"."friend_id" = 9) LIMIT 1[0m
  [4;36;1mFriendship Load (0.2ms)[0m   [0;1mSELECT * FROM "friendships" WHERE ("friendships"."user_id" = 9 AND "friendships"."friend_id" = 13) LIMIT 1[0m
  [4;35;1mFriendship Create (0.3ms)[0m   [0mINSERT INTO "friendships" ("pending", "user_id", "friend_id") VALUES('t', 13, 9)[0m
  [4;36;1mFriendship Load (0.1ms)[0m   [0;1mSELECT * FROM "friendships" WHERE ("friendships"."user_id" = 14 AND "friendships"."friend_id" = 9) LIMIT 1[0m
  [4;35;1mFriendship Load (0.1ms)[0m   [0mSELECT * FROM "friendships" WHERE ("friendships"."user_id" = 9 AND "friendships"."friend_id" = 14) LIMIT 1[0m
  [4;36;1mFriendship Create (0.3ms)[0m   [0;1mINSERT INTO "friendships" ("pending", "user_id", "friend_id") VALUES('t', 14, 9)[0m
  [4;35;1mFriendship Load (0.5ms)[0m   [0mSELECT * FROM "friendships" WHERE ("friendships"."user_id" = 9 AND "friendships"."friend_id" = 12) LIMIT 1[0m
  [4;36;1mFriendship Update (0.4ms)[0m   [0;1mUPDATE "friendships" SET "pending" = 'f' WHERE "id" = 11[0m
  [4;35;1mFriendship Load (0.2ms)[0m   [0mSELECT * FROM "friendships" WHERE ("friendships"."user_id" = 14 AND "friendships"."friend_id" = 9) LIMIT 1[0m
  [4;36;1mFriendship Update (0.3ms)[0m   [0;1mUPDATE "friendships" SET "pending" = 'f' WHERE "id" = 13[0m
  [4;35;1mFriendship Delete all (1.5ms)[0m   [0mDELETE FROM "friendships" WHERE 1=1[0m
  [4;36;1mFriendship Load (0.3ms)[0m   [0;1mSELECT * FROM "friendships" WHERE ("friendships"."user_id" = 9 AND "friendships"."friend_id" = 10) LIMIT 1[0m
  [4;35;1mFriendship Load (0.3ms)[0m   [0mSELECT * FROM "friendships" WHERE ("friendships"."user_id" = 10 AND "friendships"."friend_id" = 9) LIMIT 1[0m
  [4;36;1mFriendship Create (0.4ms)[0m   [0;1mINSERT INTO "friendships" ("pending", "user_id", "friend_id") VALUES('t', 9, 10)[0m
  [4;35;1mFriendship Load (0.3ms)[0m   [0mSELECT * FROM "friendships" WHERE ("friendships"."user_id" = 9 AND "friendships"."friend_id" = 12) LIMIT 1[0m
  [4;36;1mFriendship Load (0.2ms)[0m   [0;1mSELECT * FROM "friendships" WHERE ("friendships"."user_id" = 12 AND "friendships"."friend_id" = 9) LIMIT 1[0m
  [4;35;1mFriendship Create (0.3ms)[0m   [0mINSERT INTO "friendships" ("pending", "user_id", "friend_id") VALUES('t', 9, 12)[0m
  [4;36;1mFriendship Load (0.1ms)[0m   [0;1mSELECT * FROM "friendships" WHERE ("friendships"."user_id" = 13 AND "friendships"."friend_id" = 9) LIMIT 1[0m
  [4;35;1mFriendship Load (0.1ms)[0m   [0mSELECT * FROM "friendships" WHERE ("friendships"."user_id" = 9 AND "friendships"."friend_id" = 13) LIMIT 1[0m
  [4;36;1mFriendship Create (0.3ms)[0m   [0;1mINSERT INTO "friendships" ("pending", "user_id", "friend_id") VALUES('t', 13, 9)[0m
  [4;35;1mFriendship Load (0.3ms)[0m   [0mSELECT * FROM "friendships" WHERE ("friendships"."user_id" = 14 AND "friendships"."friend_id" = 9) LIMIT 1[0m
  [4;36;1mFriendship Load (0.2ms)[0m   [0;1mSELECT * FROM "friendships" WHERE ("friendships"."user_id" = 9 AND "friendships"."friend_id" = 14) LIMIT 1[0m
  [4;35;1mFriendship Create (0.3ms)[0m   [0mINSERT INTO "friendships" ("pending", "user_id", "friend_id") VALUES('t', 14, 9)[0m
  [4;36;1mFriendship Load (0.3ms)[0m   [0;1mSELECT * FROM "friendships" WHERE ("friendships"."user_id" = 9 AND "friendships"."friend_id" = 12) LIMIT 1[0m
  [4;35;1mFriendship Update (0.3ms)[0m   [0mUPDATE "friendships" SET "pending" = 'f' WHERE "id" = 15[0m
  [4;36;1mFriendship Load (0.3ms)[0m   [0;1mSELECT * FROM "friendships" WHERE ("friendships"."user_id" = 14 AND "friendships"."friend_id" = 9) LIMIT 1[0m
  [4;35;1mFriendship Update (0.2ms)[0m   [0mUPDATE "friendships" SET "pending" = 'f' WHERE "id" = 17[0m
  [4;36;1mFriendship Delete all (1.4ms)[0m   [0;1mDELETE FROM "friendships" WHERE 1=1[0m
  [4;35;1mFriendship Load (0.3ms)[0m   [0mSELECT * FROM "friendships" WHERE ("friendships"."user_id" = 9 AND "friendships"."friend_id" = 10) LIMIT 1[0m
  [4;36;1mFriendship Load (0.3ms)[0m   [0;1mSELECT * FROM "friendships" WHERE ("friendships"."user_id" = 10 AND "friendships"."friend_id" = 9) LIMIT 1[0m
  [4;35;1mFriendship Create (0.3ms)[0m   [0mINSERT INTO "friendships" ("pending", "user_id", "friend_id") VALUES('t', 9, 10)[0m
  [4;36;1mFriendship Load (0.2ms)[0m   [0;1mSELECT * FROM "friendships" WHERE ("friendships"."user_id" = 9 AND "friendships"."friend_id" = 12) LIMIT 1[0m
  [4;35;1mFriendship Load (0.1ms)[0m   [0mSELECT * FROM "friendships" WHERE ("friendships"."user_id" = 12 AND "friendships"."friend_id" = 9) LIMIT 1[0m
  [4;36;1mFriendship Create (0.3ms)[0m   [0;1mINSERT INTO "friendships" ("pending", "user_id", "friend_id") VALUES('t', 9, 12)[0m
  [4;35;1mFriendship Load (0.3ms)[0m   [0mSELECT * FROM "friendships" WHERE ("friendships"."user_id" = 13 AND "friendships"."friend_id" = 9) LIMIT 1[0m
  [4;36;1mFriendship Load (0.1ms)[0m   [0;1mSELECT * FROM "friendships" WHERE ("friendships"."user_id" = 9 AND "friendships"."friend_id" = 13) LIMIT 1[0m
  [4;35;1mFriendship Create (0.3ms)[0m   [0mINSERT INTO "friendships" ("pending", "user_id", "friend_id") VALUES('t', 13, 9)[0m
  [4;36;1mFriendship Load (0.2ms)[0m   [0;1mSELECT * FROM "friendships" WHERE ("friendships"."user_id" = 14 AND "friendships"."friend_id" = 9) LIMIT 1[0m
  [4;35;1mFriendship Load (0.1ms)[0m   [0mSELECT * FROM "friendships" WHERE ("friendships"."user_id" = 9 AND "friendships"."friend_id" = 14) LIMIT 1[0m
  [4;36;1mFriendship Create (0.3ms)[0m   [0;1mINSERT INTO "friendships" ("pending", "user_id", "friend_id") VALUES('t', 14, 9)[0m
  [4;35;1mFriendship Load (0.3ms)[0m   [0mSELECT * FROM "friendships" WHERE ("friendships"."user_id" = 9 AND "friendships"."friend_id" = 12) LIMIT 1[0m
  [4;36;1mFriendship Update (0.2ms)[0m   [0;1mUPDATE "friendships" SET "pending" = 'f' WHERE "id" = 19[0m
  [4;35;1mFriendship Load (0.3ms)[0m   [0mSELECT * FROM "friendships" WHERE ("friendships"."user_id" = 14 AND "friendships"."friend_id" = 9) LIMIT 1[0m
  [4;36;1mFriendship Update (0.2ms)[0m   [0;1mUPDATE "friendships" SET "pending" = 'f' WHERE "id" = 21[0m
  [4;35;1mUser Load (0.4ms)[0m   [0mSELECT "users".* FROM "users" INNER JOIN "friendships" ON "users".id = "friendships".user_id WHERE (("friendships".friend_id = 9) AND (("friendships"."pending" = 't'))) [0m
  [4;36;1mFriendship Delete all (1.2ms)[0m   [0;1mDELETE FROM "friendships" WHERE 1=1[0m
  [4;35;1mFriendship Load (0.2ms)[0m   [0mSELECT * FROM "friendships" WHERE ("friendships"."user_id" = 9 AND "friendships"."friend_id" = 10) LIMIT 1[0m
  [4;36;1mFriendship Load (0.2ms)[0m   [0;1mSELECT * FROM "friendships" WHERE ("friendships"."user_id" = 10 AND "friendships"."friend_id" = 9) LIMIT 1[0m
  [4;35;1mFriendship Create (0.3ms)[0m   [0mINSERT INTO "friendships" ("pending", "user_id", "friend_id") VALUES('t', 9, 10)[0m
  [4;36;1mFriendship Load (0.2ms)[0m   [0;1mSELECT * FROM "friendships" WHERE ("friendships"."user_id" = 9 AND "friendships"."friend_id" = 12) LIMIT 1[0m
  [4;35;1mFriendship Load (0.2ms)[0m   [0mSELECT * FROM "friendships" WHERE ("friendships"."user_id" = 12 AND "friendships"."friend_id" = 9) LIMIT 1[0m
  [4;36;1mFriendship Create (0.3ms)[0m   [0;1mINSERT INTO "friendships" ("pending", "user_id", "friend_id") VALUES('t', 9, 12)[0m
  [4;35;1mFriendship Load (0.2ms)[0m   [0mSELECT * FROM "friendships" WHERE ("friendships"."user_id" = 13 AND "friendships"."friend_id" = 9) LIMIT 1[0m
  [4;36;1mFriendship Load (0.1ms)[0m   [0;1mSELECT * FROM "friendships" WHERE ("friendships"."user_id" = 9 AND "friendships"."friend_id" = 13) LIMIT 1[0m
  [4;35;1mFriendship Create (0.3ms)[0m   [0mINSERT INTO "friendships" ("pending", "user_id", "friend_id") VALUES('t', 13, 9)[0m
  [4;36;1mFriendship Load (0.1ms)[0m   [0;1mSELECT * FROM "friendships" WHERE ("friendships"."user_id" = 14 AND "friendships"."friend_id" = 9) LIMIT 1[0m
  [4;35;1mFriendship Load (0.1ms)[0m   [0mSELECT * FROM "friendships" WHERE ("friendships"."user_id" = 9 AND "friendships"."friend_id" = 14) LIMIT 1[0m
  [4;36;1mFriendship Create (0.3ms)[0m   [0;1mINSERT INTO "friendships" ("pending", "user_id", "friend_id") VALUES('t', 14, 9)[0m
  [4;35;1mFriendship Load (0.2ms)[0m   [0mSELECT * FROM "friendships" WHERE ("friendships"."user_id" = 9 AND "friendships"."friend_id" = 12) LIMIT 1[0m
  [4;36;1mFriendship Update (0.2ms)[0m   [0;1mUPDATE "friendships" SET "pending" = 'f' WHERE "id" = 23[0m
  [4;35;1mFriendship Load (0.4ms)[0m   [0mSELECT * FROM "friendships" WHERE ("friendships"."user_id" = 14 AND "friendships"."friend_id" = 9) LIMIT 1[0m
  [4;36;1mFriendship Update (0.3ms)[0m   [0;1mUPDATE "friendships" SET "pending" = 'f' WHERE "id" = 25[0m
  [4;35;1mUser Load (0.3ms)[0m   [0mSELECT "users".* FROM "users" INNER JOIN "friendships" ON "users".id = "friendships".friend_id WHERE (("friendships".user_id = 9) AND (("friendships"."pending" = 't'))) [0m
  [4;36;1mFriendship Delete all (1.6ms)[0m   [0;1mDELETE FROM "friendships" WHERE 1=1[0m
  [4;35;1mFriendship Load (0.3ms)[0m   [0mSELECT * FROM "friendships" WHERE ("friendships"."user_id" = 9 AND "friendships"."friend_id" = 10) LIMIT 1[0m
  [4;36;1mFriendship Load (0.2ms)[0m   [0;1mSELECT * FROM "friendships" WHERE ("friendships"."user_id" = 10 AND "friendships"."friend_id" = 9) LIMIT 1[0m
  [4;35;1mFriendship Create (0.3ms)[0m   [0mINSERT INTO "friendships" ("pending", "user_id", "friend_id") VALUES('t', 9, 10)[0m
  [4;36;1mFriendship Load (0.1ms)[0m   [0;1mSELECT * FROM "friendships" WHERE ("friendships"."user_id" = 9 AND "friendships"."friend_id" = 12) LIMIT 1[0m
  [4;35;1mFriendship Load (0.1ms)[0m   [0mSELECT * FROM "friendships" WHERE ("friendships"."user_id" = 12 AND "friendships"."friend_id" = 9) LIMIT 1[0m
  [4;36;1mFriendship Create (0.3ms)[0m   [0;1mINSERT INTO "friendships" ("pending", "user_id", "friend_id") VALUES('t', 9, 12)[0m
  [4;35;1mFriendship Load (0.3ms)[0m   [0mSELECT * FROM "friendships" WHERE ("friendships"."user_id" = 13 AND "friendships"."friend_id" = 9) LIMIT 1[0m
  [4;36;1mFriendship Load (0.3ms)[0m   [0;1mSELECT * FROM "friendships" WHERE ("friendships"."user_id" = 9 AND "friendships"."friend_id" = 13) LIMIT 1[0m
  [4;35;1mFriendship Create (0.3ms)[0m   [0mINSERT INTO "friendships" ("pending", "user_id", "friend_id") VALUES('t', 13, 9)[0m
  [4;36;1mFriendship Load (0.2ms)[0m   [0;1mSELECT * FROM "friendships" WHERE ("friendships"."user_id" = 14 AND "friendships"."friend_id" = 9) LIMIT 1[0m
  [4;35;1mFriendship Load (0.1ms)[0m   [0mSELECT * FROM "friendships" WHERE ("friendships"."user_id" = 9 AND "friendships"."friend_id" = 14) LIMIT 1[0m
  [4;36;1mFriendship Create (0.3ms)[0m   [0;1mINSERT INTO "friendships" ("pending", "user_id", "friend_id") VALUES('t', 14, 9)[0m
  [4;35;1mFriendship Load (0.4ms)[0m   [0mSELECT * FROM "friendships" WHERE ("friendships"."user_id" = 9 AND "friendships"."friend_id" = 12) LIMIT 1[0m
  [4;36;1mFriendship Update (0.3ms)[0m   [0;1mUPDATE "friendships" SET "pending" = 'f' WHERE "id" = 27[0m
  [4;35;1mFriendship Load (0.4ms)[0m   [0mSELECT * FROM "friendships" WHERE ("friendships"."user_id" = 14 AND "friendships"."friend_id" = 9) LIMIT 1[0m
  [4;36;1mFriendship Update (0.3ms)[0m   [0;1mUPDATE "friendships" SET "pending" = 'f' WHERE "id" = 29[0m
  [4;35;1mUser Load (1.5ms)[0m   [0mSELECT "users".* FROM "users" INNER JOIN "friendships" ON "users".id = "friendships".friend_id WHERE (("friendships".user_id = 9) AND (("friendships"."pending" = 'f'))) [0m
  [4;36;1mUser Load (0.2ms)[0m   [0;1mSELECT "users".* FROM "users" INNER JOIN "friendships" ON "users".id = "friendships".user_id WHERE (("friendships".friend_id = 9) AND (("friendships"."pending" = 'f'))) [0m
  [4;35;1mUser Load (0.2ms)[0m   [0mSELECT "users".* FROM "users" INNER JOIN "friendships" ON "users".id = "friendships".friend_id WHERE (("friendships".user_id = 9) AND (("friendships"."pending" = 'f'))) [0m
  [4;36;1mUser Load (0.2ms)[0m   [0;1mSELECT "users".* FROM "users" INNER JOIN "friendships" ON "users".id = "friendships".user_id WHERE (("friendships".friend_id = 9) AND (("friendships"."pending" = 'f'))) [0m
  [4;35;1mUser Load (0.2ms)[0m   [0mSELECT "users".* FROM "users" INNER JOIN "friendships" ON "users".id = "friendships".friend_id WHERE (("friendships".user_id = 9) AND (("friendships"."pending" = 'f'))) [0m
  [4;36;1mUser Load (0.2ms)[0m   [0;1mSELECT "users".* FROM "users" INNER JOIN "friendships" ON "users".id = "friendships".user_id WHERE (("friendships".friend_id = 9) AND (("friendships"."pending" = 'f'))) [0m
  [4;35;1mUser Load (0.2ms)[0m   [0mSELECT "users".* FROM "users" INNER JOIN "friendships" ON "users".id = "friendships".friend_id WHERE (("friendships".user_id = 9) AND (("friendships"."pending" = 'f'))) [0m
  [4;36;1mUser Load (0.2ms)[0m   [0;1mSELECT "users".* FROM "users" INNER JOIN "friendships" ON "users".id = "friendships".user_id WHERE (("friendships".friend_id = 9) AND (("friendships"."pending" = 'f'))) [0m
  [4;35;1mFriendship Delete all (1.5ms)[0m   [0mDELETE FROM "friendships" WHERE 1=1[0m
  [4;36;1mFriendship Load (0.2ms)[0m   [0;1mSELECT * FROM "friendships" WHERE ("friendships"."user_id" = 9 AND "friendships"."friend_id" = 10) LIMIT 1[0m
  [4;35;1mFriendship Load (0.1ms)[0m   [0mSELECT * FROM "friendships" WHERE ("friendships"."user_id" = 10 AND "friendships"."friend_id" = 9) LIMIT 1[0m
  [4;36;1mFriendship Create (0.4ms)[0m   [0;1mINSERT INTO "friendships" ("pending", "user_id", "friend_id") VALUES('t', 9, 10)[0m
  [4;35;1mFriendship Load (0.2ms)[0m   [0mSELECT * FROM "friendships" WHERE ("friendships"."user_id" = 9 AND "friendships"."friend_id" = 12) LIMIT 1[0m
  [4;36;1mFriendship Load (0.1ms)[0m   [0;1mSELECT * FROM "friendships" WHERE ("friendships"."user_id" = 12 AND "friendships"."friend_id" = 9) LIMIT 1[0m
  [4;35;1mFriendship Create (0.3ms)[0m   [0mINSERT INTO "friendships" ("pending", "user_id", "friend_id") VALUES('t', 9, 12)[0m
  [4;36;1mFriendship Load (0.3ms)[0m   [0;1mSELECT * FROM "friendships" WHERE ("friendships"."user_id" = 13 AND "friendships"."friend_id" = 9) LIMIT 1[0m
  [4;35;1mFriendship Load (0.2ms)[0m   [0mSELECT * FROM "friendships" WHERE ("friendships"."user_id" = 9 AND "friendships"."friend_id" = 13) LIMIT 1[0m
  [4;36;1mFriendship Create (0.3ms)[0m   [0;1mINSERT INTO "friendships" ("pending", "user_id", "friend_id") VALUES('t', 13, 9)[0m
  [4;35;1mFriendship Load (0.5ms)[0m   [0mSELECT * FROM "friendships" WHERE ("friendships"."user_id" = 14 AND "friendships"."friend_id" = 9) LIMIT 1[0m
  [4;36;1mFriendship Load (0.1ms)[0m   [0;1mSELECT * FROM "friendships" WHERE ("friendships"."user_id" = 9 AND "friendships"."friend_id" = 14) LIMIT 1[0m
  [4;35;1mFriendship Create (0.3ms)[0m   [0mINSERT INTO "friendships" ("pending", "user_id", "friend_id") VALUES('t', 14, 9)[0m
  [4;36;1mFriendship Load (0.3ms)[0m   [0;1mSELECT * FROM "friendships" WHERE ("friendships"."user_id" = 9 AND "friendships"."friend_id" = 12) LIMIT 1[0m
  [4;35;1mFriendship Update (0.2ms)[0m   [0mUPDATE "friendships" SET "pending" = 'f' WHERE "id" = 31[0m
  [4;36;1mFriendship Load (0.3ms)[0m   [0;1mSELECT * FROM "friendships" WHERE ("friendships"."user_id" = 14 AND "friendships"."friend_id" = 9) LIMIT 1[0m
  [4;35;1mFriendship Update (0.2ms)[0m   [0mUPDATE "friendships" SET "pending" = 'f' WHERE "id" = 33[0m
  [4;36;1mUser Load (0.2ms)[0m   [0;1mSELECT "users".* FROM "users" INNER JOIN "friendships" ON "users".id = "friendships".friend_id WHERE (("friendships".user_id = 12) AND (("friendships"."pending" = 'f'))) [0m
  [4;35;1mUser Load (0.2ms)[0m   [0mSELECT "users".* FROM "users" INNER JOIN "friendships" ON "users".id = "friendships".user_id WHERE (("friendships".friend_id = 12) AND (("friendships"."pending" = 'f'))) [0m
  [4;36;1mUser Load (0.2ms)[0m   [0;1mSELECT "users".* FROM "users" INNER JOIN "friendships" ON "users".id = "friendships".friend_id WHERE (("friendships".user_id = 14) AND (("friendships"."pending" = 'f'))) [0m
  [4;35;1mUser Load (0.1ms)[0m   [0mSELECT "users".* FROM "users" INNER JOIN "friendships" ON "users".id = "friendships".user_id WHERE (("friendships".friend_id = 14) AND (("friendships"."pending" = 'f'))) [0m
  [4;36;1mUser Load (0.1ms)[0m   [0;1mSELECT "users".* FROM "users" INNER JOIN "friendships" ON "users".id = "friendships".friend_id WHERE (("friendships".user_id = 12) AND (("friendships"."pending" = 'f'))) [0m
  [4;35;1mUser Load (0.2ms)[0m   [0mSELECT "users".* FROM "users" INNER JOIN "friendships" ON "users".id = "friendships".user_id WHERE (("friendships".friend_id = 12) AND (("friendships"."pending" = 'f'))) [0m
  [4;36;1mUser Load (0.2ms)[0m   [0;1mSELECT "users".* FROM "users" INNER JOIN "friendships" ON "users".id = "friendships".friend_id WHERE (("friendships".user_id = 14) AND (("friendships"."pending" = 'f'))) [0m
  [4;35;1mUser Load (0.1ms)[0m   [0mSELECT "users".* FROM "users" INNER JOIN "friendships" ON "users".id = "friendships".user_id WHERE (("friendships".friend_id = 14) AND (("friendships"."pending" = 'f'))) [0m
  [4;36;1mUser Create (0.3ms)[0m   [0;1mINSERT INTO "users" ("name") VALUES('John')[0m
  [4;35;1mUser Create (0.4ms)[0m   [0mINSERT INTO "users" ("name") VALUES('Jane')[0m
  [4;36;1mUser Create (0.3ms)[0m   [0;1mINSERT INTO "users" ("name") VALUES('david')[0m
  [4;35;1mUser Create (0.4ms)[0m   [0mINSERT INTO "users" ("name") VALUES('James')[0m
  [4;36;1mUser Create (0.3ms)[0m   [0;1mINSERT INTO "users" ("name") VALUES('Peter')[0m
  [4;35;1mUser Create (1.4ms)[0m   [0mINSERT INTO "users" ("name") VALUES('Mary')[0m
  [4;36;1mUser Create (0.3ms)[0m   [0;1mINSERT INTO "users" ("name") VALUES('Victoria')[0m
  [4;35;1mUser Create (0.4ms)[0m   [0mINSERT INTO "users" ("name") VALUES('Elisabeth')[0m
  [4;36;1mFriendship Delete all (1.3ms)[0m   [0;1mDELETE FROM "friendships" WHERE 1=1[0m
  [4;35;1mFriendship Load (0.1ms)[0m   [0mSELECT * FROM "friendships" WHERE ("friendships"."user_id" = 23 AND "friendships"."friend_id" = 22) LIMIT 1[0m
  [4;36;1mFriendship Load (0.1ms)[0m   [0;1mSELECT * FROM "friendships" WHERE ("friendships"."user_id" = 22 AND "friendships"."friend_id" = 23) LIMIT 1[0m
  [4;35;1mFriendship Create (0.3ms)[0m   [0mINSERT INTO "friendships" ("pending", "user_id", "friend_id") VALUES('t', 23, 22)[0m
  [4;36;1mFriendship Load (0.2ms)[0m   [0;1mSELECT * FROM "friendships" WHERE ("friendships"."user_id" = 23 AND "friendships"."friend_id" = 17) LIMIT 1[0m
  [4;35;1mFriendship Load (0.1ms)[0m   [0mSELECT * FROM "friendships" WHERE ("friendships"."user_id" = 17 AND "friendships"."friend_id" = 23) LIMIT 1[0m
  [4;36;1mFriendship Create (0.3ms)[0m   [0;1mINSERT INTO "friendships" ("pending", "user_id", "friend_id") VALUES('t', 23, 17)[0m
  [4;35;1mFriendship Load (0.2ms)[0m   [0mSELECT * FROM "friendships" WHERE ("friendships"."user_id" = 23 AND "friendships"."friend_id" = 24) LIMIT 1[0m
  [4;36;1mFriendship Load (0.1ms)[0m   [0;1mSELECT * FROM "friendships" WHERE ("friendships"."user_id" = 24 AND "friendships"."friend_id" = 23) LIMIT 1[0m
  [4;35;1mFriendship Create (0.3ms)[0m   [0mINSERT INTO "friendships" ("pending", "user_id", "friend_id") VALUES('t', 23, 24)[0m
  [4;36;1mFriendship Load (0.2ms)[0m   [0;1mSELECT * FROM "friendships" WHERE ("friendships"."user_id" = 20 AND "friendships"."friend_id" = 23) LIMIT 1[0m
  [4;35;1mFriendship Load (0.1ms)[0m   [0mSELECT * FROM "friendships" WHERE ("friendships"."user_id" = 23 AND "friendships"."friend_id" = 20) LIMIT 1[0m
  [4;36;1mFriendship Create (0.3ms)[0m   [0;1mINSERT INTO "friendships" ("pending", "user_id", "friend_id") VALUES('t', 20, 23)[0m
  [4;35;1mFriendship Load (0.3ms)[0m   [0mSELECT * FROM "friendships" WHERE ("friendships"."user_id" = 21 AND "friendships"."friend_id" = 23) LIMIT 1[0m
  [4;36;1mFriendship Load (0.3ms)[0m   [0;1mSELECT * FROM "friendships" WHERE ("friendships"."user_id" = 23 AND "friendships"."friend_id" = 21) LIMIT 1[0m
  [4;35;1mFriendship Create (0.4ms)[0m   [0mINSERT INTO "friendships" ("pending", "user_id", "friend_id") VALUES('t', 21, 23)[0m
  [4;36;1mFriendship Load (0.2ms)[0m   [0;1mSELECT * FROM "friendships" WHERE ("friendships"."user_id" = 18 AND "friendships"."friend_id" = 23) LIMIT 1[0m
  [4;35;1mFriendship Load (0.1ms)[0m   [0mSELECT * FROM "friendships" WHERE ("friendships"."user_id" = 23 AND "friendships"."friend_id" = 18) LIMIT 1[0m
  [4;36;1mFriendship Create (0.4ms)[0m   [0;1mINSERT INTO "friendships" ("pending", "user_id", "friend_id") VALUES('t', 18, 23)[0m
  [4;35;1mFriendship Load (0.3ms)[0m   [0mSELECT * FROM "friendships" WHERE ("friendships"."user_id" = 23 AND "friendships"."friend_id" = 22) LIMIT 1[0m
  [4;36;1mFriendship Update (0.3ms)[0m   [0;1mUPDATE "friendships" SET "pending" = 'f' WHERE "id" = 34[0m
  [4;35;1mFriendship Load (0.3ms)[0m   [0mSELECT * FROM "friendships" WHERE ("friendships"."user_id" = 23 AND "friendships"."friend_id" = 17) LIMIT 1[0m
  [4;36;1mFriendship Update (0.3ms)[0m   [0;1mUPDATE "friendships" SET "pending" = 'f' WHERE "id" = 35[0m
  [4;35;1mFriendship Load (0.4ms)[0m   [0mSELECT * FROM "friendships" WHERE ("friendships"."user_id" = 20 AND "friendships"."friend_id" = 23) LIMIT 1[0m
  [4;36;1mFriendship Update (0.3ms)[0m   [0;1mUPDATE "friendships" SET "pending" = 'f' WHERE "id" = 37[0m
  [4;35;1mFriendship Load (0.3ms)[0m   [0mSELECT * FROM "friendships" WHERE ("friendships"."user_id" = 18 AND "friendships"."friend_id" = 23) LIMIT 1[0m
  [4;36;1mFriendship Update (0.5ms)[0m   [0;1mUPDATE "friendships" SET "pending" = 'f' WHERE "id" = 39[0m
  [4;35;1mFriendship Load (0.3ms)[0m   [0mSELECT * FROM "friendships" WHERE ("friendships"."user_id" = 23 AND "friendships"."friend_id" = 22) LIMIT 1[0m
  [4;36;1mFriendship Destroy (0.2ms)[0m   [0;1mDELETE FROM "friendships" WHERE "id" = 34[0m
  [4;35;1mSQL (0.4ms)[0m   [0mSELECT count(*) AS count_all FROM "users" INNER JOIN "friendships" ON "users".id = "friendships".friend_id WHERE (("friendships".user_id = 23) AND (("friendships"."pending" = 'f'))) [0m
  [4;36;1mUser Load (0.3ms)[0m   [0;1mSELECT "users".* FROM "users" INNER JOIN "friendships" ON "users".id = "friendships".friend_id WHERE (("friendships".user_id = 23) AND (("friendships"."pending" = 'f'))) [0m
  [4;35;1mUser Load (0.2ms)[0m   [0mSELECT "users".* FROM "users" INNER JOIN "friendships" ON "users".id = "friendships".friend_id WHERE (("friendships".user_id = 23) AND (("friendships"."pending" = 'f'))) [0m
  [4;36;1mUser Load (0.2ms)[0m   [0;1mSELECT "users".* FROM "users" INNER JOIN "friendships" ON "users".id = "friendships".user_id WHERE (("friendships".friend_id = 23) AND (("friendships"."pending" = 'f'))) [0m
  [4;35;1mUser Load (0.2ms)[0m   [0mSELECT "users".* FROM "users" INNER JOIN "friendships" ON "users".id = "friendships".user_id WHERE (("friendships".friend_id = 22) AND (("friendships"."pending" = 'f'))) [0m
  [4;36;1mUser Load (0.1ms)[0m   [0;1mSELECT "users".* FROM "users" INNER JOIN "friendships" ON "users".id = "friendships".friend_id WHERE (("friendships".user_id = 22) AND (("friendships"."pending" = 'f'))) [0m
  [4;35;1mUser Load (0.1ms)[0m   [0mSELECT "users".* FROM "users" INNER JOIN "friendships" ON "users".id = "friendships".user_id WHERE (("friendships".friend_id = 22) AND (("friendships"."pending" = 'f'))) [0m
  [4;36;1mFriendship Delete all (1.7ms)[0m   [0;1mDELETE FROM "friendships" WHERE 1=1[0m
  [4;35;1mFriendship Load (0.1ms)[0m   [0mSELECT * FROM "friendships" WHERE ("friendships"."user_id" = 23 AND "friendships"."friend_id" = 22) LIMIT 1[0m
  [4;36;1mFriendship Load (0.1ms)[0m   [0;1mSELECT * FROM "friendships" WHERE ("friendships"."user_id" = 22 AND "friendships"."friend_id" = 23) LIMIT 1[0m
  [4;35;1mFriendship Create (0.2ms)[0m   [0mINSERT INTO "friendships" ("pending", "user_id", "friend_id") VALUES('t', 23, 22)[0m
  [4;36;1mFriendship Load (0.2ms)[0m   [0;1mSELECT * FROM "friendships" WHERE ("friendships"."user_id" = 23 AND "friendships"."friend_id" = 17) LIMIT 1[0m
  [4;35;1mFriendship Load (0.1ms)[0m   [0mSELECT * FROM "friendships" WHERE ("friendships"."user_id" = 17 AND "friendships"."friend_id" = 23) LIMIT 1[0m
  [4;36;1mFriendship Create (0.3ms)[0m   [0;1mINSERT INTO "friendships" ("pending", "user_id", "friend_id") VALUES('t', 23, 17)[0m
  [4;35;1mFriendship Load (0.2ms)[0m   [0mSELECT * FROM "friendships" WHERE ("friendships"."user_id" = 23 AND "friendships"."friend_id" = 24) LIMIT 1[0m
  [4;36;1mFriendship Load (0.1ms)[0m   [0;1mSELECT * FROM "friendships" WHERE ("friendships"."user_id" = 24 AND "friendships"."friend_id" = 23) LIMIT 1[0m
  [4;35;1mFriendship Create (0.3ms)[0m   [0mINSERT INTO "friendships" ("pending", "user_id", "friend_id") VALUES('t', 23, 24)[0m
  [4;36;1mFriendship Load (0.1ms)[0m   [0;1mSELECT * FROM "friendships" WHERE ("friendships"."user_id" = 20 AND "friendships"."friend_id" = 23) LIMIT 1[0m
  [4;35;1mFriendship Load (0.1ms)[0m   [0mSELECT * FROM "friendships" WHERE ("friendships"."user_id" = 23 AND "friendships"."friend_id" = 20) LIMIT 1[0m
  [4;36;1mFriendship Create (0.3ms)[0m   [0;1mINSERT INTO "friendships" ("pending", "user_id", "friend_id") VALUES('t', 20, 23)[0m
  [4;35;1mFriendship Load (0.3ms)[0m   [0mSELECT * FROM "friendships" WHERE ("friendships"."user_id" = 21 AND "friendships"."friend_id" = 23) LIMIT 1[0m
  [4;36;1mFriendship Load (0.1ms)[0m   [0;1mSELECT * FROM "friendships" WHERE ("friendships"."user_id" = 23 AND "friendships"."friend_id" = 21) LIMIT 1[0m
  [4;35;1mFriendship Create (0.3ms)[0m   [0mINSERT INTO "friendships" ("pending", "user_id", "friend_id") VALUES('t', 21, 23)[0m
  [4;36;1mFriendship Load (0.3ms)[0m   [0;1mSELECT * FROM "friendships" WHERE ("friendships"."user_id" = 18 AND "friendships"."friend_id" = 23) LIMIT 1[0m
  [4;35;1mFriendship Load (0.2ms)[0m   [0mSELECT * FROM "friendships" WHERE ("friendships"."user_id" = 23 AND "friendships"."friend_id" = 18) LIMIT 1[0m
  [4;36;1mFriendship Create (0.3ms)[0m   [0;1mINSERT INTO "friendships" ("pending", "user_id", "friend_id") VALUES('t', 18, 23)[0m
  [4;35;1mFriendship Load (0.3ms)[0m   [0mSELECT * FROM "friendships" WHERE ("friendships"."user_id" = 23 AND "friendships"."friend_id" = 22) LIMIT 1[0m
  [4;36;1mFriendship Update (0.3ms)[0m   [0;1mUPDATE "friendships" SET "pending" = 'f' WHERE "id" = 40[0m
  [4;35;1mFriendship Load (0.3ms)[0m   [0mSELECT * FROM "friendships" WHERE ("friendships"."user_id" = 23 AND "friendships"."friend_id" = 17) LIMIT 1[0m
  [4;36;1mFriendship Update (0.3ms)[0m   [0;1mUPDATE "friendships" SET "pending" = 'f' WHERE "id" = 41[0m
  [4;35;1mFriendship Load (0.3ms)[0m   [0mSELECT * FROM "friendships" WHERE ("friendships"."user_id" = 20 AND "friendships"."friend_id" = 23) LIMIT 1[0m
  [4;36;1mFriendship Update (0.3ms)[0m   [0;1mUPDATE "friendships" SET "pending" = 'f' WHERE "id" = 43[0m
  [4;35;1mFriendship Load (0.3ms)[0m   [0mSELECT * FROM "friendships" WHERE ("friendships"."user_id" = 18 AND "friendships"."friend_id" = 23) LIMIT 1[0m
  [4;36;1mFriendship Update (0.3ms)[0m   [0;1mUPDATE "friendships" SET "pending" = 'f' WHERE "id" = 45[0m
  [4;35;1mFriendship Load (0.1ms)[0m   [0mSELECT * FROM "friendships" WHERE ("friendships"."user_id" = 23 AND "friendships"."friend_id" = 20) LIMIT 1[0m
  [4;36;1mFriendship Load (0.2ms)[0m   [0;1mSELECT * FROM "friendships" WHERE ("friendships"."user_id" = 20 AND "friendships"."friend_id" = 23) LIMIT 1[0m
  [4;35;1mFriendship Destroy (0.3ms)[0m   [0mDELETE FROM "friendships" WHERE "id" = 43[0m
  [4;36;1mSQL (0.3ms)[0m   [0;1mSELECT count(*) AS count_all FROM "users" INNER JOIN "friendships" ON "users".id = "friendships".user_id WHERE (("friendships".friend_id = 23) AND (("friendships"."pending" = 'f'))) [0m
  [4;35;1mUser Load (0.3ms)[0m   [0mSELECT "users".* FROM "users" INNER JOIN "friendships" ON "users".id = "friendships".friend_id WHERE (("friendships".user_id = 23) AND (("friendships"."pending" = 'f'))) [0m
  [4;36;1mUser Load (0.2ms)[0m   [0;1mSELECT "users".* FROM "users" INNER JOIN "friendships" ON "users".id = "friendships".user_id WHERE (("friendships".friend_id = 23) AND (("friendships"."pending" = 'f'))) [0m
  [4;35;1mUser Load (0.2ms)[0m   [0mSELECT "users".* FROM "users" INNER JOIN "friendships" ON "users".id = "friendships".friend_id WHERE (("friendships".user_id = 20) AND (("friendships"."pending" = 'f'))) [0m
  [4;36;1mUser Load (0.1ms)[0m   [0;1mSELECT "users".* FROM "users" INNER JOIN "friendships" ON "users".id = "friendships".friend_id WHERE (("friendships".user_id = 20) AND (("friendships"."pending" = 'f'))) [0m
  [4;35;1mUser Load (0.1ms)[0m   [0mSELECT "users".* FROM "users" INNER JOIN "friendships" ON "users".id = "friendships".user_id WHERE (("friendships".friend_id = 20) AND (("friendships"."pending" = 'f'))) [0m
  [4;36;1mFriendship Delete all (1.5ms)[0m   [0;1mDELETE FROM "friendships" WHERE 1=1[0m
  [4;35;1mFriendship Load (0.2ms)[0m   [0mSELECT * FROM "friendships" WHERE ("friendships"."user_id" = 23 AND "friendships"."friend_id" = 22) LIMIT 1[0m
  [4;36;1mFriendship Load (0.1ms)[0m   [0;1mSELECT * FROM "friendships" WHERE ("friendships"."user_id" = 22 AND "friendships"."friend_id" = 23) LIMIT 1[0m
  [4;35;1mFriendship Create (0.3ms)[0m   [0mINSERT INTO "friendships" ("pending", "user_id", "friend_id") VALUES('t', 23, 22)[0m
  [4;36;1mFriendship Load (0.3ms)[0m   [0;1mSELECT * FROM "friendships" WHERE ("friendships"."user_id" = 23 AND "friendships"."friend_id" = 17) LIMIT 1[0m
  [4;35;1mFriendship Load (0.2ms)[0m   [0mSELECT * FROM "friendships" WHERE ("friendships"."user_id" = 17 AND "friendships"."friend_id" = 23) LIMIT 1[0m
  [4;36;1mFriendship Create (0.3ms)[0m   [0;1mINSERT INTO "friendships" ("pending", "user_id", "friend_id") VALUES('t', 23, 17)[0m
  [4;35;1mFriendship Load (0.2ms)[0m   [0mSELECT * FROM "friendships" WHERE ("friendships"."user_id" = 23 AND "friendships"."friend_id" = 24) LIMIT 1[0m
  [4;36;1mFriendship Load (0.1ms)[0m   [0;1mSELECT * FROM "friendships" WHERE ("friendships"."user_id" = 24 AND "friendships"."friend_id" = 23) LIMIT 1[0m
  [4;35;1mFriendship Create (0.3ms)[0m   [0mINSERT INTO "friendships" ("pending", "user_id", "friend_id") VALUES('t', 23, 24)[0m
  [4;36;1mFriendship Load (0.3ms)[0m   [0;1mSELECT * FROM "friendships" WHERE ("friendships"."user_id" = 20 AND "friendships"."friend_id" = 23) LIMIT 1[0m
  [4;35;1mFriendship Load (0.2ms)[0m   [0mSELECT * FROM "friendships" WHERE ("friendships"."user_id" = 23 AND "friendships"."friend_id" = 20) LIMIT 1[0m
  [4;36;1mFriendship Create (0.3ms)[0m   [0;1mINSERT INTO "friendships" ("pending", "user_id", "friend_id") VALUES('t', 20, 23)[0m
  [4;35;1mFriendship Load (0.3ms)[0m   [0mSELECT * FROM "friendships" WHERE ("friendships"."user_id" = 21 AND "friendships"."friend_id" = 23) LIMIT 1[0m
  [4;36;1mFriendship Load (0.3ms)[0m   [0;1mSELECT * FROM "friendships" WHERE ("friendships"."user_id" = 23 AND "friendships"."friend_id" = 21) LIMIT 1[0m
  [4;35;1mFriendship Create (0.4ms)[0m   [0mINSERT INTO "friendships" ("pending", "user_id", "friend_id") VALUES('t', 21, 23)[0m
  [4;36;1mFriendship Load (0.3ms)[0m   [0;1mSELECT * FROM "friendships" WHERE ("friendships"."user_id" = 18 AND "friendships"."friend_id" = 23) LIMIT 1[0m
  [4;35;1mFriendship Load (0.1ms)[0m   [0mSELECT * FROM "friendships" WHERE ("friendships"."user_id" = 23 AND "friendships"."friend_id" = 18) LIMIT 1[0m
  [4;36;1mFriendship Create (0.3ms)[0m   [0;1mINSERT INTO "friendships" ("pending", "user_id", "friend_id") VALUES('t', 18, 23)[0m
  [4;35;1mFriendship Load (0.4ms)[0m   [0mSELECT * FROM "friendships" WHERE ("friendships"."user_id" = 23 AND "friendships"."friend_id" = 22) LIMIT 1[0m
  [4;36;1mFriendship Update (0.3ms)[0m   [0;1mUPDATE "friendships" SET "pending" = 'f' WHERE "id" = 46[0m
  [4;35;1mFriendship Load (0.4ms)[0m   [0mSELECT * FROM "friendships" WHERE ("friendships"."user_id" = 23 AND "friendships"."friend_id" = 17) LIMIT 1[0m
  [4;36;1mFriendship Update (0.4ms)[0m   [0;1mUPDATE "friendships" SET "pending" = 'f' WHERE "id" = 47[0m
  [4;35;1mFriendship Load (0.4ms)[0m   [0mSELECT * FROM "friendships" WHERE ("friendships"."user_id" = 20 AND "friendships"."friend_id" = 23) LIMIT 1[0m
  [4;36;1mFriendship Update (0.3ms)[0m   [0;1mUPDATE "friendships" SET "pending" = 'f' WHERE "id" = 49[0m
  [4;35;1mFriendship Load (0.3ms)[0m   [0mSELECT * FROM "friendships" WHERE ("friendships"."user_id" = 18 AND "friendships"."friend_id" = 23) LIMIT 1[0m
  [4;36;1mFriendship Update (0.4ms)[0m   [0;1mUPDATE "friendships" SET "pending" = 'f' WHERE "id" = 51[0m
  [4;35;1mFriendship Load (0.3ms)[0m   [0mSELECT * FROM "friendships" WHERE ("friendships"."user_id" = 23 AND "friendships"."friend_id" = 24) LIMIT 1[0m
  [4;36;1mFriendship Destroy (0.2ms)[0m   [0;1mDELETE FROM "friendships" WHERE "id" = 48[0m
  [4;35;1mSQL (0.3ms)[0m   [0mSELECT count(*) AS count_all FROM "users" INNER JOIN "friendships" ON "users".id = "friendships".friend_id WHERE (("friendships".user_id = 23) AND (("friendships"."pending" = 't'))) [0m
  [4;36;1mUser Load (0.2ms)[0m   [0;1mSELECT "users".* FROM "users" INNER JOIN "friendships" ON "users".id = "friendships".user_id WHERE (("friendships".friend_id = 24) AND (("friendships"."pending" = 't'))) [0m
  [4;35;1mFriendship Delete all (1.7ms)[0m   [0mDELETE FROM "friendships" WHERE 1=1[0m
  [4;36;1mFriendship Load (0.2ms)[0m   [0;1mSELECT * FROM "friendships" WHERE ("friendships"."user_id" = 23 AND "friendships"."friend_id" = 22) LIMIT 1[0m
  [4;35;1mFriendship Load (0.1ms)[0m   [0mSELECT * FROM "friendships" WHERE ("friendships"."user_id" = 22 AND "friendships"."friend_id" = 23) LIMIT 1[0m
  [4;36;1mFriendship Create (0.3ms)[0m   [0;1mINSERT INTO "friendships" ("pending", "user_id", "friend_id") VALUES('t', 23, 22)[0m
  [4;35;1mFriendship Load (0.2ms)[0m   [0mSELECT * FROM "friendships" WHERE ("friendships"."user_id" = 23 AND "friendships"."friend_id" = 17) LIMIT 1[0m
  [4;36;1mFriendship Load (0.1ms)[0m   [0;1mSELECT * FROM "friendships" WHERE ("friendships"."user_id" = 17 AND "friendships"."friend_id" = 23) LIMIT 1[0m
  [4;35;1mFriendship Create (0.3ms)[0m   [0mINSERT INTO "friendships" ("pending", "user_id", "friend_id") VALUES('t', 23, 17)[0m
  [4;36;1mFriendship Load (0.3ms)[0m   [0;1mSELECT * FROM "friendships" WHERE ("friendships"."user_id" = 23 AND "friendships"."friend_id" = 24) LIMIT 1[0m
  [4;35;1mFriendship Load (0.3ms)[0m   [0mSELECT * FROM "friendships" WHERE ("friendships"."user_id" = 24 AND "friendships"."friend_id" = 23) LIMIT 1[0m
  [4;36;1mFriendship Create (0.6ms)[0m   [0;1mINSERT INTO "friendships" ("pending", "user_id", "friend_id") VALUES('t', 23, 24)[0m
  [4;35;1mFriendship Load (0.3ms)[0m   [0mSELECT * FROM "friendships" WHERE ("friendships"."user_id" = 20 AND "friendships"."friend_id" = 23) LIMIT 1[0m
  [4;36;1mFriendship Load (1.0ms)[0m   [0;1mSELECT * FROM "friendships" WHERE ("friendships"."user_id" = 23 AND "friendships"."friend_id" = 20) LIMIT 1[0m
  [4;35;1mFriendship Create (0.3ms)[0m   [0mINSERT INTO "friendships" ("pending", "user_id", "friend_id") VALUES('t', 20, 23)[0m
  [4;36;1mFriendship Load (0.3ms)[0m   [0;1mSELECT * FROM "friendships" WHERE ("friendships"."user_id" = 21 AND "friendships"."friend_id" = 23) LIMIT 1[0m
  [4;35;1mFriendship Load (0.3ms)[0m   [0mSELECT * FROM "friendships" WHERE ("friendships"."user_id" = 23 AND "friendships"."friend_id" = 21) LIMIT 1[0m
  [4;36;1mFriendship Create (0.4ms)[0m   [0;1mINSERT INTO "friendships" ("pending", "user_id", "friend_id") VALUES('t', 21, 23)[0m
  [4;35;1mFriendship Load (0.2ms)[0m   [0mSELECT * FROM "friendships" WHERE ("friendships"."user_id" = 18 AND "friendships"."friend_id" = 23) LIMIT 1[0m
  [4;36;1mFriendship Load (0.1ms)[0m   [0;1mSELECT * FROM "friendships" WHERE ("friendships"."user_id" = 23 AND "friendships"."friend_id" = 18) LIMIT 1[0m
  [4;35;1mFriendship Create (0.3ms)[0m   [0mINSERT INTO "friendships" ("pending", "user_id", "friend_id") VALUES('t', 18, 23)[0m
  [4;36;1mFriendship Load (0.3ms)[0m   [0;1mSELECT * FROM "friendships" WHERE ("friendships"."user_id" = 23 AND "friendships"."friend_id" = 22) LIMIT 1[0m
  [4;35;1mFriendship Update (0.3ms)[0m   [0mUPDATE "friendships" SET "pending" = 'f' WHERE "id" = 52[0m
  [4;36;1mFriendship Load (0.2ms)[0m   [0;1mSELECT * FROM "friendships" WHERE ("friendships"."user_id" = 23 AND "friendships"."friend_id" = 17) LIMIT 1[0m
  [4;35;1mFriendship Update (0.3ms)[0m   [0mUPDATE "friendships" SET "pending" = 'f' WHERE "id" = 53[0m
  [4;36;1mFriendship Load (0.4ms)[0m   [0;1mSELECT * FROM "friendships" WHERE ("friendships"."user_id" = 20 AND "friendships"."friend_id" = 23) LIMIT 1[0m
  [4;35;1mFriendship Update (0.4ms)[0m   [0mUPDATE "friendships" SET "pending" = 'f' WHERE "id" = 55[0m
  [4;36;1mFriendship Load (0.3ms)[0m   [0;1mSELECT * FROM "friendships" WHERE ("friendships"."user_id" = 18 AND "friendships"."friend_id" = 23) LIMIT 1[0m
  [4;35;1mFriendship Update (0.4ms)[0m   [0mUPDATE "friendships" SET "pending" = 'f' WHERE "id" = 57[0m
  [4;36;1mFriendship Load (0.2ms)[0m   [0;1mSELECT * FROM "friendships" WHERE ("friendships"."user_id" = 23 AND "friendships"."friend_id" = 21) LIMIT 1[0m
  [4;35;1mFriendship Load (0.3ms)[0m   [0mSELECT * FROM "friendships" WHERE ("friendships"."user_id" = 21 AND "friendships"."friend_id" = 23) LIMIT 1[0m
  [4;36;1mFriendship Destroy (0.3ms)[0m   [0;1mDELETE FROM "friendships" WHERE "id" = 56[0m
  [4;35;1mSQL (0.4ms)[0m   [0mSELECT count(*) AS count_all FROM "users" INNER JOIN "friendships" ON "users".id = "friendships".user_id WHERE (("friendships".friend_id = 23) AND (("friendships"."pending" = 't'))) [0m
  [4;36;1mUser Load (0.1ms)[0m   [0;1mSELECT "users".* FROM "users" INNER JOIN "friendships" ON "users".id = "friendships".friend_id WHERE (("friendships".user_id = 21) AND (("friendships"."pending" = 't'))) [0m
  [4;35;1mFriendship Delete all (1.1ms)[0m   [0mDELETE FROM "friendships" WHERE 1=1[0m
  [4;36;1mFriendship Create (0.3ms)[0m   [0;1mINSERT INTO "friendships" ("pending", "user_id", "friend_id") VALUES('t', 1, 2)[0m
  [4;35;1mFriendship Delete all (1.5ms)[0m   [0mDELETE FROM "friendships" WHERE 1=1[0m
  [4;36;1mFriendship Create (0.4ms)[0m   [0;1mINSERT INTO "friendships" ("pending", "user_id", "friend_id") VALUES('t', 1, 2)[0m
  [4;36;1mSQL (0.2ms)[0m   [0;1mselect sqlite_version(*)[0m
  [4;35;1mSQL (0.2ms)[0m   [0m SELECT name
 FROM sqlite_master
 WHERE type = 'table' AND NOT name = 'sqlite_sequence'
[0m
  [4;36;1mSQL (2.5ms)[0m   [0;1mCREATE TABLE "users" ("id" INTEGER PRIMARY KEY AUTOINCREMENT NOT NULL, "name" varchar(255) NOT NULL) [0m
  [4;35;1mSQL (0.2ms)[0m   [0m SELECT name
 FROM sqlite_master
 WHERE type = 'table' AND NOT name = 'sqlite_sequence'
[0m
  [4;36;1mSQL (1.8ms)[0m   [0;1mCREATE TABLE "friendships" ("id" INTEGER PRIMARY KEY AUTOINCREMENT NOT NULL, "user_id" integer, "friend_id" integer, "pending" boolean DEFAULT 't') [0m
